0 info it worked if it ends with ok
1 verbose cli [ '/usr/local/bin/node', '/usr/local/bin/npm', 'start' ]
2 info using npm@3.10.9
3 info using node@v4.3.2
4 verbose run-script [ 'prestart', 'start', 'poststart' ]
5 info lifecycle new-grad-offers@0.1.0~prestart: new-grad-offers@0.1.0
6 silly lifecycle new-grad-offers@0.1.0~prestart: no script for prestart, continuing
7 info lifecycle new-grad-offers@0.1.0~start: new-grad-offers@0.1.0
8 verbose lifecycle new-grad-offers@0.1.0~start: unsafe-perm in lifecycle true
9 verbose lifecycle new-grad-offers@0.1.0~start: PATH: /usr/local/lib/node_modules/npm/bin/node-gyp-bin:/Users/yujian/projects/new-grad-offers/node_modules/.bin:/opt/local/bin:/opt/local/sbin:/Users/yujian/.rvm/gems/ruby-2.2.3/bin:/Users/yujian/.rvm/gems/ruby-2.2.3@global/bin:/Users/yujian/.rvm/rubies/ruby-2.2.3/bin:/Library/Frameworks/Python.framework/Versions/2.7/bin:/usr/bin:/bin:/usr/sbin:/sbin:/usr/local/bin:/opt/local/bin:/opt/local/sbin:/usr/local/git/bin:/usr/local/go/bin:/Users/yujian/.rvm/bin:/Users/yujian/.rvm/bin
10 verbose lifecycle new-grad-offers@0.1.0~start: CWD: /Users/yujian/projects/new-grad-offers
11 silly lifecycle new-grad-offers@0.1.0~start: Args: [ '-c', 'node main' ]
12 silly lifecycle new-grad-offers@0.1.0~start: Returned: code: 1  signal: null
13 info lifecycle new-grad-offers@0.1.0~start: Failed to exec start script
14 verbose stack Error: new-grad-offers@0.1.0 start: `node main`
14 verbose stack Exit status 1
14 verbose stack     at EventEmitter.<anonymous> (/usr/local/lib/node_modules/npm/lib/utils/lifecycle.js:255:16)
14 verbose stack     at emitTwo (events.js:87:13)
14 verbose stack     at EventEmitter.emit (events.js:172:7)
14 verbose stack     at ChildProcess.<anonymous> (/usr/local/lib/node_modules/npm/lib/utils/spawn.js:40:14)
14 verbose stack     at emitTwo (events.js:87:13)
14 verbose stack     at ChildProcess.emit (events.js:172:7)
14 verbose stack     at maybeClose (internal/child_process.js:821:16)
14 verbose stack     at Process.ChildProcess._handle.onexit (internal/child_process.js:211:5)
15 verbose pkgid new-grad-offers@0.1.0
16 verbose cwd /Users/yujian/projects/new-grad-offers
17 error Darwin 15.6.0
18 error argv "/usr/local/bin/node" "/usr/local/bin/npm" "start"
19 error node v4.3.2
20 error npm  v3.10.9
21 error code ELIFECYCLE
22 error new-grad-offers@0.1.0 start: `node main`
22 error Exit status 1
23 error Failed at the new-grad-offers@0.1.0 start script 'node main'.
23 error Make sure you have the latest version of node.js and npm installed.
23 error If you do, this is most likely a problem with the new-grad-offers package,
23 error not with npm itself.
23 error Tell the author that this fails on your system:
23 error     node main
23 error You can get information on how to open an issue for this project with:
23 error     npm bugs new-grad-offers
23 error Or if that isn't available, you can get their info via:
23 error     npm owner ls new-grad-offers
23 error There is likely additional logging output above.
24 verbose exit [ 1, true ]
